<?xml version="1.0" encoding="UTF-8"?>
<robot generator="Robot 7.2.2 (Python 3.13.2 on win32)" generated="2025-03-04T11:57:17.477626" rpa="false" schemaversion="5">
<suite id="s1" name="Teste" source="C:\Users\luiz.hsantos\OneDrive - Linx SA\QA_INOVACAO\Estudos\Projetos automação\teste.robot">
<test id="s1-t1" name="Cenário 1: Acessando o site da QAZANDO" line="12">
<kw name="Abrir Site">
<kw name="Open Browser">
<msg time="2025-03-04T11:57:17.612460" level="FAIL">No keyword with name 'Open Browser' found.</msg>
<arg>https://automationpratice.com.br/</arg>
<arg>chrome</arg>
<status status="FAIL" start="2025-03-04T11:57:17.612338" elapsed="0.000268">No keyword with name 'Open Browser' found.</status>
</kw>
<status status="FAIL" start="2025-03-04T11:57:17.604034" elapsed="0.008967">No keyword with name 'Open Browser' found.</status>
</kw>
<status status="FAIL" start="2025-03-04T11:57:17.599192" elapsed="0.014546">No keyword with name 'Open Browser' found.</status>
</test>
<status status="FAIL" start="2025-03-04T11:57:17.484932" elapsed="0.144076"/>
</suite>
<statistics>
<total>
<stat pass="0" fail="1" skip="0">All Tests</stat>
</total>
<tag>
</tag>
<suite>
<stat name="Teste" id="s1" pass="0" fail="1" skip="0">Teste</stat>
</suite>
</statistics>
<errors>
<msg time="2025-03-04T11:57:17.579046" level="ERROR">Error in file 'C:\Users\luiz.hsantos\OneDrive - Linx SA\QA_INOVACAO\Estudos\Projetos automação\teste.robot' on line 2: Importing library 'SeleniumLibrary' failed: ModuleNotFoundError: No module named 'SeleniumLibrary'
Traceback (most recent call last):
  None
PYTHONPATH:
  C:\Users\luiz.hsantos\AppData\Local\Programs\Python\Python313\Scripts\robot.exe
  C:\Users\luiz.hsantos\AppData\Local\Programs\Python\Python313\python313.zip
  C:\Users\luiz.hsantos\AppData\Local\Programs\Python\Python313\DLLs
  C:\Users\luiz.hsantos\AppData\Local\Programs\Python\Python313\Lib
  C:\Users\luiz.hsantos\AppData\Local\Programs\Python\Python313
  C:\Users\luiz.hsantos\AppData\Local\Programs\Python\Python313\Lib\site-packages</msg>
</errors>
</robot>
