<?xml version="1.0" encoding="UTF-8"?>
<robot generator="Robot 7.2.2 (Python 3.13.2 on win32)" generated="2025-03-04T12:02:34.163117" rpa="false" schemaversion="5">
<suite id="s1" name="Projetos automação" source="C:\Users\luiz.hsantos\OneDrive - Linx SA\QA_INOVACAO\Estudos\Projetos automação">
<suite id="s1-s1" name="Teste" source="C:\Users\luiz.hsantos\OneDrive - Linx SA\QA_INOVACAO\Estudos\Projetos automação\teste.robot">
<test id="s1-s1-t1" name="Cenário 1: Acessando o site da QAZANDO" line="11">
<kw name="Abrir Site">
<kw name="Open Browser">
<msg time="2025-03-04T12:02:34.225077" level="FAIL">No keyword with name 'Open Browser' found.</msg>
<arg>https://automationpratice.com.br/</arg>
<arg>chrome</arg>
<status status="FAIL" start="2025-03-04T12:02:34.223008" elapsed="0.021148">No keyword with name 'Open Browser' found.</status>
</kw>
<status status="FAIL" start="2025-03-04T12:02:34.218568" elapsed="0.027261">No keyword with name 'Open Browser' found.</status>
</kw>
<status status="FAIL" start="2025-03-04T12:02:34.216917" elapsed="0.035795">No keyword with name 'Open Browser' found.</status>
</test>
<status status="FAIL" start="2025-03-04T12:02:34.203650" elapsed="0.051892"/>
</suite>
<status status="FAIL" start="2025-03-04T12:02:34.170223" elapsed="0.087437"/>
</suite>
<statistics>
<total>
<stat pass="0" fail="1" skip="0">All Tests</stat>
</total>
<tag>
</tag>
<suite>
<stat name="Projetos automação" id="s1" pass="0" fail="1" skip="0">Projetos automação</stat>
<stat name="Teste" id="s1-s1" pass="0" fail="1" skip="0">Projetos automação.Teste</stat>
</suite>
</statistics>
<errors>
<msg time="2025-03-04T12:02:34.210824" level="ERROR">Error in file 'C:\Users\luiz.hsantos\OneDrive - Linx SA\QA_INOVACAO\Estudos\Projetos automação\teste.robot' on line 2: Importing library 'SeleniumLibrary' failed: ModuleNotFoundError: No module named 'SeleniumLibrary'
Traceback (most recent call last):
  None
PYTHONPATH:
  C:\Users\luiz.hsantos\OneDrive - Linx SA\QA_INOVACAO\Estudos\Projetos automação\lib
  C:\Users\luiz.hsantos\OneDrive - Linx SA\QA_INOVACAO\Estudos\Projetos automação\resources
  c:\Users\luiz.hsantos\.vscode\extensions\d-biehl.robotcode-0.109.6\bundled\libs
  c:\Users\luiz.hsantos\.vscode\extensions\d-biehl.robotcode-0.109.6\bundled\tool\robotcode
  C:\Users\luiz.hsantos\AppData\Local\Programs\Python\Python313\python313.zip
  C:\Users\luiz.hsantos\AppData\Local\Programs\Python\Python313\DLLs
  C:\Users\luiz.hsantos\AppData\Local\Programs\Python\Python313\Lib
  C:\Users\luiz.hsantos\AppData\Local\Programs\Python\Python313
  C:\Users\luiz.hsantos\AppData\Local\Programs\Python\Python313\Lib\site-packages</msg>
</errors>
</robot>
